<?xml version="1.0" encoding="UTF-8"?>
<testsuite name="com.bridgelabz.MoodAnalyserTest" tests="1" skipped="0" failures="0" errors="0" timestamp="2019-11-26T17:45:22" hostname="admin141-desktop" time="0.0">
  <properties/>
  <testcase name="givenMoodAnalyserClass_WhenProper_ShouldReturnObjet" classname="com.bridgelabz.MoodAnalyserTest" time="0.0"/>
  <system-out><![CDATA[]]></system-out>
  <system-err><![CDATA[]]></system-err>
</testsuite>
